<?xml version="1.0" encoding="UTF-8"?>
<testng-results skipped="0" failed="2" ignored="0" total="10" passed="8">
  <reporter-output>
  </reporter-output>
  <suite name="Command line suite" duration-ms="412076" started-at="2020-07-05T13:52:00 IST" finished-at="2020-07-05T13:58:52 IST">
    <groups>
    </groups>
    <test name="Command line test" duration-ms="412076" started-at="2020-07-05T13:52:00 IST" finished-at="2020-07-05T13:58:52 IST">
      <class name="com.sa.happytrip.tests.testcases.TestCase_10">
        <test-method status="PASS" signature="setup()[pri:0, instance:com.sa.happytrip.tests.testcases.TestCase_10@25bbe1b6]" name="setup" is-config="true" duration-ms="5045" started-at="2020-07-05T13:58:24 IST" finished-at="2020-07-05T13:58:29 IST">
          <reporter-output>
          </reporter-output>
        </test-method> <!-- setup -->
        <test-method status="PASS" signature="ReadData10()[pri:0, instance:com.sa.happytrip.tests.testcases.TestCase_10@25bbe1b6]" name="ReadData10" duration-ms="21710" started-at="2020-07-05T13:58:29 IST" finished-at="2020-07-05T13:58:50 IST">
          <reporter-output>
          </reporter-output>
        </test-method> <!-- ReadData10 -->
        <test-method status="PASS" signature="teardown()[pri:0, instance:com.sa.happytrip.tests.testcases.TestCase_10@25bbe1b6]" name="teardown" is-config="true" duration-ms="1821" started-at="2020-07-05T13:58:50 IST" finished-at="2020-07-05T13:58:52 IST">
          <reporter-output>
          </reporter-output>
        </test-method> <!-- teardown -->
      </class> <!-- com.sa.happytrip.tests.testcases.TestCase_10 -->
      <class name="com.sa.happytrip.tests.testcases.TestCase_09">
        <test-method status="PASS" signature="setup()[pri:0, instance:com.sa.happytrip.tests.testcases.TestCase_09@ff5b51f]" name="setup" is-config="true" duration-ms="8405" started-at="2020-07-05T13:57:56 IST" finished-at="2020-07-05T13:58:05 IST">
          <reporter-output>
          </reporter-output>
        </test-method> <!-- setup -->
        <test-method status="PASS" signature="ReadData9()[pri:0, instance:com.sa.happytrip.tests.testcases.TestCase_09@ff5b51f]" name="ReadData9" duration-ms="17558" started-at="2020-07-05T13:58:05 IST" finished-at="2020-07-05T13:58:22 IST">
          <reporter-output>
          </reporter-output>
        </test-method> <!-- ReadData9 -->
        <test-method status="PASS" signature="teardown()[pri:0, instance:com.sa.happytrip.tests.testcases.TestCase_09@ff5b51f]" name="teardown" is-config="true" duration-ms="1340" started-at="2020-07-05T13:58:22 IST" finished-at="2020-07-05T13:58:24 IST">
          <reporter-output>
          </reporter-output>
        </test-method> <!-- teardown -->
      </class> <!-- com.sa.happytrip.tests.testcases.TestCase_09 -->
      <class name="com.sa.happytrip.tests.testcases.TestCase_06">
        <test-method status="PASS" signature="setup()[pri:0, instance:com.sa.happytrip.tests.testcases.TestCase_06@56ef9176]" name="setup" is-config="true" duration-ms="7498" started-at="2020-07-05T13:56:13 IST" finished-at="2020-07-05T13:56:20 IST">
          <reporter-output>
          </reporter-output>
        </test-method> <!-- setup -->
        <test-method status="PASS" signature="ReadData6()[pri:0, instance:com.sa.happytrip.tests.testcases.TestCase_06@56ef9176]" name="ReadData6" duration-ms="11743" started-at="2020-07-05T13:56:20 IST" finished-at="2020-07-05T13:56:32 IST">
          <reporter-output>
          </reporter-output>
        </test-method> <!-- ReadData6 -->
        <test-method status="PASS" signature="teardown()[pri:0, instance:com.sa.happytrip.tests.testcases.TestCase_06@56ef9176]" name="teardown" is-config="true" duration-ms="243" started-at="2020-07-05T13:56:32 IST" finished-at="2020-07-05T13:56:32 IST">
          <reporter-output>
          </reporter-output>
        </test-method> <!-- teardown -->
      </class> <!-- com.sa.happytrip.tests.testcases.TestCase_06 -->
      <class name="com.sa.happytrip.tests.testcases.TestCase_05">
        <test-method status="PASS" signature="setup()[pri:0, instance:com.sa.happytrip.tests.testcases.TestCase_05@13805618]" name="setup" is-config="true" duration-ms="12794" started-at="2020-07-05T13:55:38 IST" finished-at="2020-07-05T13:55:50 IST">
          <reporter-output>
          </reporter-output>
        </test-method> <!-- setup -->
        <test-method status="PASS" signature="ReadData5()[pri:0, instance:com.sa.happytrip.tests.testcases.TestCase_05@13805618]" name="ReadData5" duration-ms="22062" started-at="2020-07-05T13:55:50 IST" finished-at="2020-07-05T13:56:12 IST">
          <reporter-output>
          </reporter-output>
        </test-method> <!-- ReadData5 -->
        <test-method status="PASS" signature="teardown()[pri:0, instance:com.sa.happytrip.tests.testcases.TestCase_05@13805618]" name="teardown" is-config="true" duration-ms="319" started-at="2020-07-05T13:56:12 IST" finished-at="2020-07-05T13:56:13 IST">
          <reporter-output>
          </reporter-output>
        </test-method> <!-- teardown -->
      </class> <!-- com.sa.happytrip.tests.testcases.TestCase_05 -->
      <class name="com.sa.happytrip.tests.testcases.TestCase_08">
        <test-method status="PASS" signature="setup()[pri:0, instance:com.sa.happytrip.tests.testcases.TestCase_08@1ed4004b]" name="setup" is-config="true" duration-ms="7407" started-at="2020-07-05T13:57:13 IST" finished-at="2020-07-05T13:57:20 IST">
          <reporter-output>
          </reporter-output>
        </test-method> <!-- setup -->
        <test-method status="FAIL" signature="ReadData8()[pri:0, instance:com.sa.happytrip.tests.testcases.TestCase_08@1ed4004b]" name="ReadData8" duration-ms="33409" started-at="2020-07-05T13:57:20 IST" finished-at="2020-07-05T13:57:54 IST">
          <exception class="org.openqa.selenium.NoSuchElementException">
            <message>
              <![CDATA[no such element: Unable to locate element: {"method":"link text","selector":"Schedule Flight"}
  (Session info: chrome=83.0.4103.116)
For documentation on this error, please visit: https://www.seleniumhq.org/exceptions/no_such_element.html
Build info: version: '3.141.59', revision: 'e82be7d358', time: '2018-11-14T08:17:03'
System info: host: 'DESKTOP-JEP0KT9', ip: '192.168.56.1', os.name: 'Windows 10', os.arch: 'amd64', os.version: '10.0', java.version: '1.8.0_231'
Driver info: org.openqa.selenium.chrome.ChromeDriver
Capabilities {acceptInsecureCerts: false, browserName: chrome, browserVersion: 83.0.4103.116, chrome: {chromedriverVersion: 83.0.4103.39 (ccbf011cb2d2b..., userDataDir: C:\Windows\TEMP\scoped_dir6...}, goog:chromeOptions: {debuggerAddress: localhost:58055}, javascriptEnabled: true, networkConnectionEnabled: false, pageLoadStrategy: normal, platform: WINDOWS, platformName: WINDOWS, proxy: Proxy(), setWindowRect: true, strictFileInteractability: false, timeouts: {implicit: 0, pageLoad: 300000, script: 30000}, unhandledPromptBehavior: dismiss and notify, webauthn:virtualAuthenticators: true}
Session ID: 83d315f68655f7ecff6dc6a5c5bef897
*** Element info: {Using=link text, value=Schedule Flight}]]>
            </message>
            <full-stacktrace>
              <![CDATA[org.openqa.selenium.NoSuchElementException: no such element: Unable to locate element: {"method":"link text","selector":"Schedule Flight"}
  (Session info: chrome=83.0.4103.116)
For documentation on this error, please visit: https://www.seleniumhq.org/exceptions/no_such_element.html
Build info: version: '3.141.59', revision: 'e82be7d358', time: '2018-11-14T08:17:03'
System info: host: 'DESKTOP-JEP0KT9', ip: '192.168.56.1', os.name: 'Windows 10', os.arch: 'amd64', os.version: '10.0', java.version: '1.8.0_231'
Driver info: org.openqa.selenium.chrome.ChromeDriver
Capabilities {acceptInsecureCerts: false, browserName: chrome, browserVersion: 83.0.4103.116, chrome: {chromedriverVersion: 83.0.4103.39 (ccbf011cb2d2b..., userDataDir: C:\Windows\TEMP\scoped_dir6...}, goog:chromeOptions: {debuggerAddress: localhost:58055}, javascriptEnabled: true, networkConnectionEnabled: false, pageLoadStrategy: normal, platform: WINDOWS, platformName: WINDOWS, proxy: Proxy(), setWindowRect: true, strictFileInteractability: false, timeouts: {implicit: 0, pageLoad: 300000, script: 30000}, unhandledPromptBehavior: dismiss and notify, webauthn:virtualAuthenticators: true}
Session ID: 83d315f68655f7ecff6dc6a5c5bef897
*** Element info: {Using=link text, value=Schedule Flight}
at sun.reflect.NativeConstructorAccessorImpl.newInstance0(Native Method)
at sun.reflect.NativeConstructorAccessorImpl.newInstance(NativeConstructorAccessorImpl.java:62)
at sun.reflect.DelegatingConstructorAccessorImpl.newInstance(DelegatingConstructorAccessorImpl.java:45)
at java.lang.reflect.Constructor.newInstance(Constructor.java:423)
at org.openqa.selenium.remote.http.W3CHttpResponseCodec.createException(W3CHttpResponseCodec.java:187)
at org.openqa.selenium.remote.http.W3CHttpResponseCodec.decode(W3CHttpResponseCodec.java:122)
at org.openqa.selenium.remote.http.W3CHttpResponseCodec.decode(W3CHttpResponseCodec.java:49)
at org.openqa.selenium.remote.HttpCommandExecutor.execute(HttpCommandExecutor.java:158)
at org.openqa.selenium.remote.service.DriverCommandExecutor.execute(DriverCommandExecutor.java:83)
at org.openqa.selenium.remote.RemoteWebDriver.execute(RemoteWebDriver.java:552)
at org.openqa.selenium.remote.RemoteWebDriver.findElement(RemoteWebDriver.java:323)
at org.openqa.selenium.remote.RemoteWebDriver.findElementByLinkText(RemoteWebDriver.java:380)
at org.openqa.selenium.By$ByLinkText.findElement(By.java:220)
at org.openqa.selenium.remote.RemoteWebDriver.findElement(RemoteWebDriver.java:315)
at com.sa.happytrip.tests.testcases.TestCase_08.ReadData8(TestCase_08.java:35)
at sun.reflect.NativeMethodAccessorImpl.invoke0(Native Method)
at sun.reflect.NativeMethodAccessorImpl.invoke(NativeMethodAccessorImpl.java:62)
at sun.reflect.DelegatingMethodAccessorImpl.invoke(DelegatingMethodAccessorImpl.java:43)
at java.lang.reflect.Method.invoke(Method.java:498)
at org.testng.internal.MethodInvocationHelper.invokeMethod(MethodInvocationHelper.java:134)
at org.testng.internal.TestInvoker.invokeMethod(TestInvoker.java:597)
at org.testng.internal.TestInvoker.invokeTestMethod(TestInvoker.java:173)
at org.testng.internal.MethodRunner.runInSequence(MethodRunner.java:46)
at org.testng.internal.TestInvoker$MethodInvocationAgent.invoke(TestInvoker.java:816)
at org.testng.internal.TestInvoker.invokeTestMethods(TestInvoker.java:146)
at org.testng.internal.TestMethodWorker.invokeTestMethods(TestMethodWorker.java:146)
at org.testng.internal.TestMethodWorker.run(TestMethodWorker.java:128)
at java.util.ArrayList.forEach(ArrayList.java:1257)
at org.testng.TestRunner.privateRun(TestRunner.java:766)
at org.testng.TestRunner.run(TestRunner.java:587)
at org.testng.SuiteRunner.runTest(SuiteRunner.java:384)
at org.testng.SuiteRunner.runSequentially(SuiteRunner.java:378)
at org.testng.SuiteRunner.privateRun(SuiteRunner.java:337)
at org.testng.SuiteRunner.run(SuiteRunner.java:286)
at org.testng.SuiteRunnerWorker.runSuite(SuiteRunnerWorker.java:53)
at org.testng.SuiteRunnerWorker.run(SuiteRunnerWorker.java:96)
at org.testng.TestNG.runSuitesSequentially(TestNG.java:1187)
at org.testng.TestNG.runSuitesLocally(TestNG.java:1109)
at org.testng.TestNG.runSuites(TestNG.java:1039)
at org.testng.TestNG.run(TestNG.java:1007)
at org.apache.maven.surefire.testng.TestNGExecutor.run(TestNGExecutor.java:77)
at org.apache.maven.surefire.testng.TestNGDirectoryTestSuite.executeMulti(TestNGDirectoryTestSuite.java:159)
at org.apache.maven.surefire.testng.TestNGDirectoryTestSuite.execute(TestNGDirectoryTestSuite.java:99)
at org.apache.maven.surefire.testng.TestNGProvider.invoke(TestNGProvider.java:106)
at sun.reflect.NativeMethodAccessorImpl.invoke0(Native Method)
at sun.reflect.NativeMethodAccessorImpl.invoke(NativeMethodAccessorImpl.java:62)
at sun.reflect.DelegatingMethodAccessorImpl.invoke(DelegatingMethodAccessorImpl.java:43)
at java.lang.reflect.Method.invoke(Method.java:498)
at org.apache.maven.surefire.util.ReflectionUtils.invokeMethodWithArray(ReflectionUtils.java:189)
at org.apache.maven.surefire.booter.ProviderFactory$ProviderProxy.invoke(ProviderFactory.java:165)
at org.apache.maven.surefire.booter.ProviderFactory.invokeProvider(ProviderFactory.java:85)
at org.apache.maven.surefire.booter.ForkedBooter.runSuitesInProcess(ForkedBooter.java:115)
at org.apache.maven.surefire.booter.ForkedBooter.main(ForkedBooter.java:75)
]]>
            </full-stacktrace>
          </exception> <!-- org.openqa.selenium.NoSuchElementException -->
          <reporter-output>
          </reporter-output>
        </test-method> <!-- ReadData8 -->
        <test-method status="PASS" signature="teardown()[pri:0, instance:com.sa.happytrip.tests.testcases.TestCase_08@1ed4004b]" name="teardown" is-config="true" duration-ms="2558" started-at="2020-07-05T13:57:54 IST" finished-at="2020-07-05T13:57:56 IST">
          <reporter-output>
          </reporter-output>
        </test-method> <!-- teardown -->
      </class> <!-- com.sa.happytrip.tests.testcases.TestCase_08 -->
      <class name="com.sa.happytrip.tests.testcases.TestCase_07">
        <test-method status="PASS" signature="setup()[pri:0, instance:com.sa.happytrip.tests.testcases.TestCase_07@4566e5bd]" name="setup" is-config="true" duration-ms="5770" started-at="2020-07-05T13:56:32 IST" finished-at="2020-07-05T13:56:38 IST">
          <reporter-output>
          </reporter-output>
        </test-method> <!-- setup -->
        <test-method status="FAIL" signature="ReadData7()[pri:0, instance:com.sa.happytrip.tests.testcases.TestCase_07@4566e5bd]" name="ReadData7" duration-ms="34769" started-at="2020-07-05T13:56:38 IST" finished-at="2020-07-05T13:57:13 IST">
          <exception class="org.openqa.selenium.NoSuchElementException">
            <message>
              <![CDATA[no such element: Unable to locate element: {"method":"link text","selector":"Schedule Flight"}
  (Session info: chrome=83.0.4103.116)
For documentation on this error, please visit: https://www.seleniumhq.org/exceptions/no_such_element.html
Build info: version: '3.141.59', revision: 'e82be7d358', time: '2018-11-14T08:17:03'
System info: host: 'DESKTOP-JEP0KT9', ip: '192.168.56.1', os.name: 'Windows 10', os.arch: 'amd64', os.version: '10.0', java.version: '1.8.0_231'
Driver info: org.openqa.selenium.chrome.ChromeDriver
Capabilities {acceptInsecureCerts: false, browserName: chrome, browserVersion: 83.0.4103.116, chrome: {chromedriverVersion: 83.0.4103.39 (ccbf011cb2d2b..., userDataDir: C:\Windows\TEMP\scoped_dir1...}, goog:chromeOptions: {debuggerAddress: localhost:58011}, javascriptEnabled: true, networkConnectionEnabled: false, pageLoadStrategy: normal, platform: WINDOWS, platformName: WINDOWS, proxy: Proxy(), setWindowRect: true, strictFileInteractability: false, timeouts: {implicit: 0, pageLoad: 300000, script: 30000}, unhandledPromptBehavior: dismiss and notify, webauthn:virtualAuthenticators: true}
Session ID: 26185f64978f1a0b2d7795b7300c98a6
*** Element info: {Using=link text, value=Schedule Flight}]]>
            </message>
            <full-stacktrace>
              <![CDATA[org.openqa.selenium.NoSuchElementException: no such element: Unable to locate element: {"method":"link text","selector":"Schedule Flight"}
  (Session info: chrome=83.0.4103.116)
For documentation on this error, please visit: https://www.seleniumhq.org/exceptions/no_such_element.html
Build info: version: '3.141.59', revision: 'e82be7d358', time: '2018-11-14T08:17:03'
System info: host: 'DESKTOP-JEP0KT9', ip: '192.168.56.1', os.name: 'Windows 10', os.arch: 'amd64', os.version: '10.0', java.version: '1.8.0_231'
Driver info: org.openqa.selenium.chrome.ChromeDriver
Capabilities {acceptInsecureCerts: false, browserName: chrome, browserVersion: 83.0.4103.116, chrome: {chromedriverVersion: 83.0.4103.39 (ccbf011cb2d2b..., userDataDir: C:\Windows\TEMP\scoped_dir1...}, goog:chromeOptions: {debuggerAddress: localhost:58011}, javascriptEnabled: true, networkConnectionEnabled: false, pageLoadStrategy: normal, platform: WINDOWS, platformName: WINDOWS, proxy: Proxy(), setWindowRect: true, strictFileInteractability: false, timeouts: {implicit: 0, pageLoad: 300000, script: 30000}, unhandledPromptBehavior: dismiss and notify, webauthn:virtualAuthenticators: true}
Session ID: 26185f64978f1a0b2d7795b7300c98a6
*** Element info: {Using=link text, value=Schedule Flight}
at sun.reflect.NativeConstructorAccessorImpl.newInstance0(Native Method)
at sun.reflect.NativeConstructorAccessorImpl.newInstance(NativeConstructorAccessorImpl.java:62)
at sun.reflect.DelegatingConstructorAccessorImpl.newInstance(DelegatingConstructorAccessorImpl.java:45)
at java.lang.reflect.Constructor.newInstance(Constructor.java:423)
at org.openqa.selenium.remote.http.W3CHttpResponseCodec.createException(W3CHttpResponseCodec.java:187)
at org.openqa.selenium.remote.http.W3CHttpResponseCodec.decode(W3CHttpResponseCodec.java:122)
at org.openqa.selenium.remote.http.W3CHttpResponseCodec.decode(W3CHttpResponseCodec.java:49)
at org.openqa.selenium.remote.HttpCommandExecutor.execute(HttpCommandExecutor.java:158)
at org.openqa.selenium.remote.service.DriverCommandExecutor.execute(DriverCommandExecutor.java:83)
at org.openqa.selenium.remote.RemoteWebDriver.execute(RemoteWebDriver.java:552)
at org.openqa.selenium.remote.RemoteWebDriver.findElement(RemoteWebDriver.java:323)
at org.openqa.selenium.remote.RemoteWebDriver.findElementByLinkText(RemoteWebDriver.java:380)
at org.openqa.selenium.By$ByLinkText.findElement(By.java:220)
at org.openqa.selenium.remote.RemoteWebDriver.findElement(RemoteWebDriver.java:315)
at com.sa.happytrip.tests.testcases.TestCase_07.ReadData7(TestCase_07.java:35)
at sun.reflect.NativeMethodAccessorImpl.invoke0(Native Method)
at sun.reflect.NativeMethodAccessorImpl.invoke(NativeMethodAccessorImpl.java:62)
at sun.reflect.DelegatingMethodAccessorImpl.invoke(DelegatingMethodAccessorImpl.java:43)
at java.lang.reflect.Method.invoke(Method.java:498)
at org.testng.internal.MethodInvocationHelper.invokeMethod(MethodInvocationHelper.java:134)
at org.testng.internal.TestInvoker.invokeMethod(TestInvoker.java:597)
at org.testng.internal.TestInvoker.invokeTestMethod(TestInvoker.java:173)
at org.testng.internal.MethodRunner.runInSequence(MethodRunner.java:46)
at org.testng.internal.TestInvoker$MethodInvocationAgent.invoke(TestInvoker.java:816)
at org.testng.internal.TestInvoker.invokeTestMethods(TestInvoker.java:146)
at org.testng.internal.TestMethodWorker.invokeTestMethods(TestMethodWorker.java:146)
at org.testng.internal.TestMethodWorker.run(TestMethodWorker.java:128)
at java.util.ArrayList.forEach(ArrayList.java:1257)
at org.testng.TestRunner.privateRun(TestRunner.java:766)
at org.testng.TestRunner.run(TestRunner.java:587)
at org.testng.SuiteRunner.runTest(SuiteRunner.java:384)
at org.testng.SuiteRunner.runSequentially(SuiteRunner.java:378)
at org.testng.SuiteRunner.privateRun(SuiteRunner.java:337)
at org.testng.SuiteRunner.run(SuiteRunner.java:286)
at org.testng.SuiteRunnerWorker.runSuite(SuiteRunnerWorker.java:53)
at org.testng.SuiteRunnerWorker.run(SuiteRunnerWorker.java:96)
at org.testng.TestNG.runSuitesSequentially(TestNG.java:1187)
at org.testng.TestNG.runSuitesLocally(TestNG.java:1109)
at org.testng.TestNG.runSuites(TestNG.java:1039)
at org.testng.TestNG.run(TestNG.java:1007)
at org.apache.maven.surefire.testng.TestNGExecutor.run(TestNGExecutor.java:77)
at org.apache.maven.surefire.testng.TestNGDirectoryTestSuite.executeMulti(TestNGDirectoryTestSuite.java:159)
at org.apache.maven.surefire.testng.TestNGDirectoryTestSuite.execute(TestNGDirectoryTestSuite.java:99)
at org.apache.maven.surefire.testng.TestNGProvider.invoke(TestNGProvider.java:106)
at sun.reflect.NativeMethodAccessorImpl.invoke0(Native Method)
at sun.reflect.NativeMethodAccessorImpl.invoke(NativeMethodAccessorImpl.java:62)
at sun.reflect.DelegatingMethodAccessorImpl.invoke(DelegatingMethodAccessorImpl.java:43)
at java.lang.reflect.Method.invoke(Method.java:498)
at org.apache.maven.surefire.util.ReflectionUtils.invokeMethodWithArray(ReflectionUtils.java:189)
at org.apache.maven.surefire.booter.ProviderFactory$ProviderProxy.invoke(ProviderFactory.java:165)
at org.apache.maven.surefire.booter.ProviderFactory.invokeProvider(ProviderFactory.java:85)
at org.apache.maven.surefire.booter.ForkedBooter.runSuitesInProcess(ForkedBooter.java:115)
at org.apache.maven.surefire.booter.ForkedBooter.main(ForkedBooter.java:75)
]]>
            </full-stacktrace>
          </exception> <!-- org.openqa.selenium.NoSuchElementException -->
          <reporter-output>
          </reporter-output>
        </test-method> <!-- ReadData7 -->
        <test-method status="PASS" signature="teardown()[pri:0, instance:com.sa.happytrip.tests.testcases.TestCase_07@4566e5bd]" name="teardown" is-config="true" duration-ms="179" started-at="2020-07-05T13:57:13 IST" finished-at="2020-07-05T13:57:13 IST">
          <reporter-output>
          </reporter-output>
        </test-method> <!-- teardown -->
      </class> <!-- com.sa.happytrip.tests.testcases.TestCase_07 -->
      <class name="com.sa.happytrip.tests.testcases.TestCase_02">
        <test-method status="PASS" signature="setup()[pri:0, instance:com.sa.happytrip.tests.testcases.TestCase_02@6e1567f1]" name="setup" is-config="true" duration-ms="13853" started-at="2020-07-05T13:53:03 IST" finished-at="2020-07-05T13:53:17 IST">
          <reporter-output>
          </reporter-output>
        </test-method> <!-- setup -->
        <test-method status="PASS" signature="ReadData2()[pri:0, instance:com.sa.happytrip.tests.testcases.TestCase_02@6e1567f1]" name="ReadData2" duration-ms="33914" started-at="2020-07-05T13:53:17 IST" finished-at="2020-07-05T13:53:51 IST">
          <reporter-output>
          </reporter-output>
        </test-method> <!-- ReadData2 -->
        <test-method status="PASS" signature="teardown()[pri:0, instance:com.sa.happytrip.tests.testcases.TestCase_02@6e1567f1]" name="teardown" is-config="true" duration-ms="1676" started-at="2020-07-05T13:53:51 IST" finished-at="2020-07-05T13:53:53 IST">
          <reporter-output>
          </reporter-output>
        </test-method> <!-- teardown -->
      </class> <!-- com.sa.happytrip.tests.testcases.TestCase_02 -->
      <class name="com.sa.happytrip.tests.testcases.TestCase_01">
        <test-method status="PASS" signature="setup()[pri:0, instance:com.sa.happytrip.tests.testcases.TestCase_01@59494225]" name="setup" is-config="true" duration-ms="34795" started-at="2020-07-05T13:52:00 IST" finished-at="2020-07-05T13:52:35 IST">
          <reporter-output>
          </reporter-output>
        </test-method> <!-- setup -->
        <test-method status="PASS" signature="ReadData1()[pri:0, instance:com.sa.happytrip.tests.testcases.TestCase_01@59494225]" name="ReadData1" duration-ms="23237" started-at="2020-07-05T13:52:35 IST" finished-at="2020-07-05T13:52:58 IST">
          <reporter-output>
          </reporter-output>
        </test-method> <!-- ReadData1 -->
        <test-method status="PASS" signature="teardown()[pri:0, instance:com.sa.happytrip.tests.testcases.TestCase_01@59494225]" name="teardown" is-config="true" duration-ms="4727" started-at="2020-07-05T13:52:58 IST" finished-at="2020-07-05T13:53:03 IST">
          <reporter-output>
          </reporter-output>
        </test-method> <!-- teardown -->
      </class> <!-- com.sa.happytrip.tests.testcases.TestCase_01 -->
      <class name="com.sa.happytrip.tests.testcases.TestCase_04">
        <test-method status="PASS" signature="setup()[pri:0, instance:com.sa.happytrip.tests.testcases.TestCase_04@cb644e]" name="setup" is-config="true" duration-ms="20142" started-at="2020-07-05T13:54:49 IST" finished-at="2020-07-05T13:55:09 IST">
          <reporter-output>
          </reporter-output>
        </test-method> <!-- setup -->
        <test-method status="PASS" signature="ReadData4()[pri:0, instance:com.sa.happytrip.tests.testcases.TestCase_04@cb644e]" name="ReadData4" duration-ms="24936" started-at="2020-07-05T13:55:09 IST" finished-at="2020-07-05T13:55:34 IST">
          <reporter-output>
          </reporter-output>
        </test-method> <!-- ReadData4 -->
        <test-method status="PASS" signature="teardown()[pri:0, instance:com.sa.happytrip.tests.testcases.TestCase_04@cb644e]" name="teardown" is-config="true" duration-ms="3199" started-at="2020-07-05T13:55:34 IST" finished-at="2020-07-05T13:55:38 IST">
          <reporter-output>
          </reporter-output>
        </test-method> <!-- teardown -->
      </class> <!-- com.sa.happytrip.tests.testcases.TestCase_04 -->
      <class name="com.sa.happytrip.tests.testcases.TestCase_03">
        <test-method status="PASS" signature="setup()[pri:0, instance:com.sa.happytrip.tests.testcases.TestCase_03@5cb9f472]" name="setup" is-config="true" duration-ms="14176" started-at="2020-07-05T13:53:53 IST" finished-at="2020-07-05T13:54:07 IST">
          <reporter-output>
          </reporter-output>
        </test-method> <!-- setup -->
        <test-method status="PASS" signature="ReadData3()[pri:0, instance:com.sa.happytrip.tests.testcases.TestCase_03@5cb9f472]" name="ReadData3" duration-ms="37976" started-at="2020-07-05T13:54:07 IST" finished-at="2020-07-05T13:54:45 IST">
          <reporter-output>
          </reporter-output>
        </test-method> <!-- ReadData3 -->
        <test-method status="PASS" signature="teardown()[pri:0, instance:com.sa.happytrip.tests.testcases.TestCase_03@5cb9f472]" name="teardown" is-config="true" duration-ms="4177" started-at="2020-07-05T13:54:45 IST" finished-at="2020-07-05T13:54:49 IST">
          <reporter-output>
          </reporter-output>
        </test-method> <!-- teardown -->
      </class> <!-- com.sa.happytrip.tests.testcases.TestCase_03 -->
    </test> <!-- Command line test -->
  </suite> <!-- Command line suite -->
</testng-results>
